Start testing: Aug 28 22:53 BST
----------------------------------------------------------
1/4 Testing: TestImpulseStep
1/4 Test: TestImpulseStep
Command: "/Users/tomek/Documents/GitHub/fir1/test/impstep"
Directory: /Users/tomek/Documents/GitHub/fir1/test
"TestImpulseStep" start time: Aug 28 22:53 BST
Output:
----------------------------------------------------------
<end of output>
Test time =   0.01 sec
----------------------------------------------------------
Test Passed.
"TestImpulseStep" end time: Aug 28 22:53 BST
"TestImpulseStep" time elapsed: 00:00:00
----------------------------------------------------------

2/4 Testing: TestFixed
2/4 Test: TestFixed
Command: "/Users/tomek/Documents/GitHub/fir1/test/fixed"
Directory: /Users/tomek/Documents/GitHub/fir1/test
"TestFixed" start time: Aug 28 22:53 BST
Output:
----------------------------------------------------------
<end of output>
Test time =   0.01 sec
----------------------------------------------------------
Test Passed.
"TestFixed" end time: Aug 28 22:53 BST
"TestFixed" time elapsed: 00:00:00
----------------------------------------------------------

3/4 Testing: TestLms
3/4 Test: TestLms
Command: "/Users/tomek/Documents/GitHub/fir1/test/lms"
Directory: /Users/tomek/Documents/GitHub/fir1/test
"TestLms" start time: Aug 28 22:53 BST
Output:
----------------------------------------------------------
1.000000e-01 0.000000e+00 0.000000e+00
9.510565e-02 0.000000e+00 3.090170e-01
7.999352e-02 9.081782e-04 5.877853e-01
5.352349e-02 5.255036e-03 8.090170e-01
1.740372e-02 1.349798e-02 9.510565e-01
-2.038302e-02 2.038302e-02 1.000000e+00
-4.757683e-02 1.667513e-02 9.510565e-01
-5.638343e-02 -2.395093e-03 8.090170e-01
-4.980241e-02 -3.109929e-02 5.877853e-01
-3.702735e-02 -5.807830e-02 3.090170e-01
-2.489199e-02 -7.510801e-02 1.224647e-16
-1.595697e-02 -7.914868e-02 -3.090170e-01
-1.042093e-02 -7.048076e-02 -5.877853e-01
-7.026795e-03 -5.175173e-02 -8.090170e-01
-4.666944e-03 -2.623476e-02 -9.510565e-01
-2.710304e-03 2.710304e-03 -1.000000e+00
-9.550653e-04 3.185676e-02 -9.510565e-01
4.728790e-04 5.830565e-02 -8.090170e-01
1.343579e-03 7.955812e-02 -5.877853e-01
1.616525e-03 9.348913e-02 -3.090170e-01
1.513073e-03 9.848693e-02 -2.449294e-16
1.302575e-03 9.380308e-02 3.090170e-01
1.122799e-03 7.977890e-02 5.877853e-01
9.907845e-04 5.778774e-02 8.090170e-01
8.727658e-04 3.002893e-02 9.510565e-01
7.261649e-04 -7.261649e-04 1.000000e+00
5.257788e-04 -3.142748e-02 9.510565e-01
2.870490e-04 -5.906557e-02 8.090170e-01
6.564450e-05 -8.096734e-02 5.877853e-01
-8.455435e-05 -9.502110e-02 3.090170e-01
-1.553681e-04 -9.984463e-02 3.673940e-16
-1.764646e-04 -9.492919e-02 -3.090170e-01
-1.781305e-04 -8.072357e-02 -5.877853e-01
-1.741155e-04 -5.860441e-02 -8.090170e-01
-1.652618e-04 -3.073644e-02 -9.510565e-01
-1.466558e-04 1.466558e-04 -1.000000e+00
-1.140485e-04 3.101575e-02 -9.510565e-01
-7.002560e-05 5.884855e-02 -8.090170e-01
-2.565699e-05 8.092736e-02 -5.877853e-01
6.922279e-06 9.509873e-02 -3.090170e-01
2.409423e-05 9.997591e-02 -4.898587e-16
3.061245e-05 9.507504e-02 3.090170e-01
3.240064e-05 8.086930e-02 5.877853e-01
3.250323e-05 5.874602e-02 8.090170e-01
3.137839e-05 3.087032e-02 9.510565e-01
2.822297e-05 -2.822297e-05 1.000000e+00
2.225177e-05 -3.092395e-02 9.510565e-01
1.394182e-05 -5.879247e-02 8.090170e-01
5.416738e-06 -8.090712e-02 5.877853e-01
-9.397055e-07 -9.510471e-02 3.090170e-01
-4.355274e-06 -9.999564e-02 6.123234e-16
-5.696915e-06 -9.509995e-02 -3.090170e-01
-6.097148e-06 -8.089560e-02 -5.877853e-01
-6.152195e-06 -5.877237e-02 -8.090170e-01
-5.961359e-06 -3.089574e-02 -9.510565e-01
-5.377394e-06 5.377394e-06 -1.000000e+00
-4.252011e-06 3.090595e-02 -9.510565e-01
-2.675264e-06 5.878120e-02 -8.090170e-01
-1.051501e-06 8.090275e-02 -5.877853e-01
1.631274e-07 9.510549e-02 -3.090170e-01
8.184038e-07 9.999918e-02 -7.347881e-16
1.077569e-06 9.510457e-02 3.090170e-01
1.156102e-06 8.090054e-02 5.877853e-01
1.168022e-06 5.877736e-02 8.090170e-01
1.132701e-06 3.090057e-02 9.510565e-01
1.022381e-06 -1.022381e-06 1.000000e+00
8.089217e-07 -3.090251e-02 9.510565e-01
5.094105e-07 -5.877903e-02 8.090170e-01
2.007137e-07 -8.090190e-02 5.877853e-01
-3.036265e-08 -9.510562e-02 3.090170e-01
-1.551319e-07 -9.999984e-02 8.572528e-16
-2.045508e-07 -9.510545e-02 -3.090170e-01
-2.195752e-07 -8.090148e-02 -5.877853e-01
-2.219002e-07 -5.877830e-02 -8.090170e-01
-2.152274e-07 -3.090148e-02 -9.510565e-01
-1.942913e-07 1.942913e-07 -1.000000e+00
-1.537467e-07 3.090185e-02 -9.510565e-01
-9.683918e-08 5.877862e-02 -8.090170e-01
-3.817594e-08 8.090174e-02 -5.877853e-01
5.743291e-09 9.510565e-02 -3.090170e-01
2.946176e-08 9.999997e-02 -9.797174e-16
3.885920e-08 9.510561e-02 3.090170e-01
4.171823e-08 8.090166e-02 5.877853e-01
4.216247e-08 5.877848e-02 8.090170e-01
4.089614e-08 3.090166e-02 9.510565e-01
3.691907e-08 -3.691907e-08 1.000000e+00
2.921566e-08 -3.090173e-02 9.510565e-01
1.840260e-08 -5.877854e-02 8.090170e-01
7.255502e-09 -8.090171e-02 5.877853e-01
-1.090236e-09 -9.510565e-02 3.090170e-01
-5.597511e-09 -9.999999e-02 1.102182e-15
-7.383448e-09 -9.510564e-02 -3.090170e-01
-7.926876e-09 -8.090169e-02 -5.877853e-01
-8.011388e-09 -5.877852e-02 -8.090170e-01
-7.770833e-09 -3.090169e-02 -9.510565e-01
-7.015180e-09 7.015180e-09 -1.000000e+00
-5.551450e-09 3.090170e-02 -9.510565e-01
-3.496825e-09 5.877853e-02 -8.090170e-01
-1.378710e-09 8.090170e-02 -5.877853e-01
2.071160e-10 9.510565e-02 -3.090170e-01
2.071160e-10
<end of output>
Test time =   0.01 sec
----------------------------------------------------------
Test Passed.
"TestLms" end time: Aug 28 22:53 BST
"TestLms" time elapsed: 00:00:00
----------------------------------------------------------

4/4 Testing: TestReadFile
4/4 Test: TestReadFile
Command: "/Users/tomek/Documents/GitHub/fir1/test/coeffread"
Directory: /Users/tomek/Documents/GitHub/fir1/test
"TestReadFile" start time: Aug 28 22:53 BST
Output:
----------------------------------------------------------
<end of output>
Test time =   0.01 sec
----------------------------------------------------------
Test Passed.
"TestReadFile" end time: Aug 28 22:53 BST
"TestReadFile" time elapsed: 00:00:00
----------------------------------------------------------

End testing: Aug 28 22:53 BST
